#
# There is insufficient memory for the Java Runtime Environment to continue.
# Native memory allocation (mmap) failed to map 130023424 bytes for G1 virtual space
# Possible reasons:
#   The system is out of physical RAM or swap space
#   The process is running with CompressedOops enabled, and the Java Heap may be blocking the growth of the native heap
# Possible solutions:
#   Reduce memory load on the system
#   Increase physical memory or swap space
#   Check if swap backing store is full
#   Decrease Java heap size (-Xmx/-Xms)
#   Decrease number of Java threads
#   Decrease Java thread stack sizes (-Xss)
#   Set larger code cache with -XX:ReservedCodeCacheSize=
#   JVM is running with Unscaled Compressed Oops mode in which the Java heap is
#     placed in the first 4GB address space. The Java Heap base address is the
#     maximum limit for the native heap growth. Please use -XX:HeapBaseMinAddress
#     to set the Java Heap base and to place the Java Heap above 4GB virtual address.
# This output file may be truncated or incomplete.
#
#  Out of Memory Error (os_windows.cpp:3550), pid=38548, tid=38608
#
# JRE version:  (17.0.7+8) (build )
# Java VM: Java HotSpot(TM) 64-Bit Server VM (17.0.7+8-LTS-224, mixed mode, sharing, tiered, compressed oops, compressed class ptrs, g1 gc, windows-amd64)
# No core dump will be written. Minidumps are not enabled by default on client versions of Windows
#

---------------  S U M M A R Y ------------

Command Line: -Dfile.encoding=UTF-8 --module-path=C:\Users\princ\OneDrive\Documents\Desktop\PROJECT\EmployeePayrollSystem\build\classes employeepayrollsystem.RemoveEmployee

Host: 11th Gen Intel(R) Core(TM) i3-1115G4 @ 3.00GHz, 4 cores, 7G,  Windows 11 , 64 bit Build 22621 (10.0.22621.2070)
Time: Wed Aug 30 23:35:23 2023 India Standard Time elapsed time: 0.014717 seconds (0d 0h 0m 0s)

---------------  T H R E A D  ---------------

Current thread (0x0000012697148750):  JavaThread "Unknown thread" [_thread_in_vm, id=38608, stack(0x0000001925800000,0x0000001925900000)]

Stack: [0x0000001925800000,0x0000001925900000]
Native frames: (J=compiled Java code, j=interpreted, Vv=VM code, C=native code)
V  [jvm.dll+0x676a4a]
V  [jvm.dll+0x7d74f4]
V  [jvm.dll+0x7d8c9e]
V  [jvm.dll+0x7d9303]
V  [jvm.dll+0x2452c5]
V  [jvm.dll+0x6738f9]
V  [jvm.dll+0x668232]
V  [jvm.dll+0x302826]
V  [jvm.dll+0x309da6]
V  [jvm.dll+0x35952e]
V  [jvm.dll+0x35975f]
V  [jvm.dll+0x2d9a38]
V  [jvm.dll+0x2da9a4]
V  [jvm.dll+0x7a8fb1]
V  [jvm.dll+0x3670e1]
V  [jvm.dll+0x788359]
V  [jvm.dll+0x3ea5ef]
V  [jvm.dll+0x3ec071]
C  [jli.dll+0x5297]
C  [ucrtbase.dll+0x29363]
C  [KERNEL32.DLL+0x126ad]
C  [ntdll.dll+0x5aa68]


---------------  P R O C E S S  ---------------

Threads class SMR info:
_java_thread_list=0x00007ff8763f4998, length=0, elements={
}

Java Threads: ( => current thread )

Other Threads:
  0x00000126971a1fa0 GCTaskThread "GC Thread#0" [stack: 0x0000001925900000,0x0000001925a00000] [id=38612]
  0x00000126971b2800 ConcurrentGCThread "G1 Main Marker" [stack: 0x0000001925a00000,0x0000001925b00000] [id=38616]
  0x00000126971b40c0 ConcurrentGCThread "G1 Conc#0" [stack: 0x0000001925b00000,0x0000001925c00000] [id=38620]

[error occurred during error reporting (printing all threads), id 0xc0000005, EXCEPTION_ACCESS_VIOLATION (0xc0000005) at pc=0x00007ff875c2a697]

VM state: not at safepoint (not fully initialized)

VM Mutex/Monitor currently owned by a thread:  ([mutex/lock_event])
[0x00000126971445c0] Heap_lock - owner thread: 0x0000012697148750

Heap address: 0x0000000084200000, size: 1982 MB, Compressed Oops mode: 32-bit

CDS archive(s) mapped at: [0x0000000000000000-0x0000000000000000-0x0000000000000000), size 0, SharedBaseAddress: 0x0000000800000000, ArchiveRelocationMode: 0.
Narrow klass base: 0x0000000000000000, Narrow klass shift: 0, Narrow klass range: 0x0

GC Precious Log:
<Empty>

Heap:
 garbage-first heap   total 0K, used 0K [0x0000000084200000, 0x0000000100000000)
  region size 1024K, 0 young (0K), 0 survivors (0K)

[error occurred during error reporting (printing heap information), id 0xc0000005, EXCEPTION_ACCESS_VIOLATION (0xc0000005) at pc=0x00007ff8760100b9]

GC Heap History (0 events):
No events

Deoptimization events (0 events):
No events

Classes unloaded (0 events):
No events

Classes redefined (0 events):
No events

Internal exceptions (0 events):
No events

VM Operations (0 events):
No events

Events (1 events):
Event: 0.008 Loaded shared library C:\Program Files\Java\jdk-17\bin\java.dll


Dynamic libraries:
0x00007ff74b5f0000 - 0x00007ff74b600000 	C:\Program Files\Java\jdk-17\bin\java.exe
0x00007ff8da3f0000 - 0x00007ff8da604000 	C:\WINDOWS\SYSTEM32\ntdll.dll
0x00007ff8d9810000 - 0x00007ff8d98d4000 	C:\WINDOWS\System32\KERNEL32.DLL
0x00007ff8d7a30000 - 0x00007ff8d7dd4000 	C:\WINDOWS\System32\KERNELBASE.dll
0x00007ff8d8090000 - 0x00007ff8d81a1000 	C:\WINDOWS\System32\ucrtbase.dll
0x00007ff8c96e0000 - 0x00007ff8c96fb000 	C:\Program Files\Java\jdk-17\bin\VCRUNTIME140.dll
0x00007ff8bff00000 - 0x00007ff8bff19000 	C:\Program Files\Java\jdk-17\bin\jli.dll
0x00007ff8d9760000 - 0x00007ff8d9810000 	C:\WINDOWS\System32\ADVAPI32.dll
0x00007ff8da2f0000 - 0x00007ff8da397000 	C:\WINDOWS\System32\msvcrt.dll
0x00007ff8d96b0000 - 0x00007ff8d9756000 	C:\WINDOWS\System32\sechost.dll
0x00007ff8d90b0000 - 0x00007ff8d91c7000 	C:\WINDOWS\System32\RPCRT4.dll
0x00007ff8d9500000 - 0x00007ff8d96aa000 	C:\WINDOWS\System32\USER32.dll
0x00007ff8d7de0000 - 0x00007ff8d7e06000 	C:\WINDOWS\System32\win32u.dll
0x00007ff8c3880000 - 0x00007ff8c3b0f000 	C:\WINDOWS\WinSxS\amd64_microsoft.windows.common-controls_6595b64144ccf1df_6.0.22621.2070_none_2713e6537381f706\COMCTL32.dll
0x00007ff8d9250000 - 0x00007ff8d9279000 	C:\WINDOWS\System32\GDI32.dll
0x00007ff8d7850000 - 0x00007ff8d7969000 	C:\WINDOWS\System32\gdi32full.dll
0x00007ff8d7e10000 - 0x00007ff8d7eaa000 	C:\WINDOWS\System32\msvcp_win.dll
0x00007ff8cae00000 - 0x00007ff8cae0a000 	C:\WINDOWS\SYSTEM32\VERSION.dll
0x00007ff8d98e0000 - 0x00007ff8d9911000 	C:\WINDOWS\System32\IMM32.DLL
0x00007ff8cb4c0000 - 0x00007ff8cb4cc000 	C:\Program Files\Java\jdk-17\bin\vcruntime140_1.dll
0x00007ff8c0940000 - 0x00007ff8c09ce000 	C:\Program Files\Java\jdk-17\bin\msvcp140.dll
0x00007ff875940000 - 0x00007ff87651d000 	C:\Program Files\Java\jdk-17\bin\server\jvm.dll
0x00007ff8d81b0000 - 0x00007ff8d81b8000 	C:\WINDOWS\System32\PSAPI.DLL
0x00007ff8d2670000 - 0x00007ff8d2679000 	C:\WINDOWS\SYSTEM32\WSOCK32.dll
0x00007ff8c8ee0000 - 0x00007ff8c8f14000 	C:\WINDOWS\SYSTEM32\WINMM.dll
0x00007ff8d88e0000 - 0x00007ff8d8951000 	C:\WINDOWS\System32\WS2_32.dll
0x00007ff8d6860000 - 0x00007ff8d6878000 	C:\WINDOWS\SYSTEM32\kernel.appcore.dll
0x00007ff8ca0f0000 - 0x00007ff8ca0fa000 	C:\Program Files\Java\jdk-17\bin\jimage.dll
0x00007ff8d50c0000 - 0x00007ff8d52ee000 	C:\WINDOWS\SYSTEM32\DBGHELP.DLL
0x00007ff8d8a40000 - 0x00007ff8d8dca000 	C:\WINDOWS\System32\combase.dll
0x00007ff8d81c0000 - 0x00007ff8d8297000 	C:\WINDOWS\System32\OLEAUT32.dll
0x00007ff8bd980000 - 0x00007ff8bd9b2000 	C:\WINDOWS\SYSTEM32\dbgcore.DLL
0x00007ff8d77d0000 - 0x00007ff8d784a000 	C:\WINDOWS\System32\bcryptPrimitives.dll
0x00007ff8c50b0000 - 0x00007ff8c50d5000 	C:\Program Files\Java\jdk-17\bin\java.dll

dbghelp: loaded successfully - version: 4.0.5 - missing functions: none
symbol engine: initialized successfully - sym options: 0x614 - pdb path: .;C:\Program Files\Java\jdk-17\bin;C:\WINDOWS\SYSTEM32;C:\WINDOWS\WinSxS\amd64_microsoft.windows.common-controls_6595b64144ccf1df_6.0.22621.2070_none_2713e6537381f706;C:\Program Files\Java\jdk-17\bin\server

VM Arguments:
jvm_args: -Dfile.encoding=UTF-8 --module-path=C:\Users\princ\OneDrive\Documents\Desktop\PROJECT\EmployeePayrollSystem\build\classes 
java_command: employeepayrollsystem.RemoveEmployee
java_class_path (initial): C:\Users\princ\Downloads\mysql-connector-java-8.0.28.jar;C:\Users\princ\Downloads\jcalendar-tz-1.3.3-4.jar;C:\Users\princ\Downloads\rs2xml.jar;C:\Users\princ\OneDrive\Documents\Desktop\PROJECT\EmployeePayrollSystem\build\classes
Launcher Type: SUN_STANDARD

[Global flags]
     intx CICompilerCount                          = 3                                         {product} {ergonomic}
     uint ConcGCThreads                            = 1                                         {product} {ergonomic}
     uint G1ConcRefinementThreads                  = 4                                         {product} {ergonomic}
   size_t G1HeapRegionSize                         = 1048576                                   {product} {ergonomic}
    uintx GCDrainStackTargetSize                   = 64                                        {product} {ergonomic}
   size_t InitialHeapSize                          = 130023424                                 {product} {ergonomic}
   size_t MarkStackSize                            = 4194304                                   {product} {ergonomic}
   size_t MaxHeapSize                              = 2078277632                                {product} {ergonomic}
   size_t MinHeapDeltaBytes                        = 1048576                                   {product} {ergonomic}
   size_t MinHeapSize                              = 8388608                                   {product} {ergonomic}
    uintx NonNMethodCodeHeapSize                   = 5832780                                {pd product} {ergonomic}
    uintx NonProfiledCodeHeapSize                  = 122912730                              {pd product} {ergonomic}
    uintx ProfiledCodeHeapSize                     = 122912730                              {pd product} {ergonomic}
    uintx ReservedCodeCacheSize                    = 251658240                              {pd product} {ergonomic}
     bool SegmentedCodeCache                       = true                                      {product} {ergonomic}
   size_t SoftMaxHeapSize                          = 2078277632                             {manageable} {ergonomic}
     bool UseCompressedClassPointers               = true                           {product lp64_product} {ergonomic}
     bool UseCompressedOops                        = true                           {product lp64_product} {ergonomic}
     bool UseG1GC                                  = true                                      {product} {ergonomic}
     bool UseLargePagesIndividualAllocation        = false                                  {pd product} {ergonomic}

Logging:
Log output configuration:
 #0: stdout all=warning uptime,level,tags
 #1: stderr all=off uptime,level,tags

Environment Variables:
CLASSPATH=.;C:\test
PATH=C:\Program Files\Common Files\Oracle\Java\javapath;C:\Program Files\Python310\Scripts\;C:\Program Files\Python310\;C:\WINDOWS\system32;C:\WINDOWS;C:\WINDOWS\System32\Wbem;C:\WINDOWS\System32\WindowsPowerShell\v1.0\;C:\WINDOWS\System32\OpenSSH\;C:\Windows\System32\cmd.exe;C:\MinGW\bin;C:\Microsoft VS Code\bin;C:\Program Files\Git\cmd;C:\Program Files\dotnet\;C:\Program Files\MySQL\MySQL Shell 8.0\bin\;C:\Users\princ\AppData\Local\Microsoft\WindowsApps;C:\Users\princ\AppData\Local\JetBrains\PyCharm Community Edition 2022.1.4\bin;;C:\Program Files\MySQL\MySQL Server 8.0\bin;;C:\Program Files\JetBrains\IntelliJ IDEA Community Edition 2023.1.2\bin;
USERNAME=princ
OS=Windows_NT
PROCESSOR_IDENTIFIER=Intel64 Family 6 Model 140 Stepping 1, GenuineIntel



---------------  S Y S T E M  ---------------

OS:
 Windows 11 , 64 bit Build 22621 (10.0.22621.2070)
OS uptime: 11 days 13:04 hours
Hyper-V role detected

CPU: total 4 (initial active 4) (2 cores per cpu, 2 threads per core) family 6 model 140 stepping 1 microcode 0xa4, cx8, cmov, fxsr, ht, mmx, 3dnowpref, sse, sse2, sse3, ssse3, sse4.1, sse4.2, popcnt, lzcnt, tsc, tscinvbit, avx, avx2, aes, erms, clmul, bmi1, bmi2, adx, avx512f, avx512dq, avx512cd, avx512bw, avx512vl, sha, fma, vzeroupper, avx512_vpopcntdq, avx512_vpclmulqdq, avx512_vaes, avx512_vnni, clflush, clflushopt, clwb, avx512_vbmi2, avx512_vbmi, hv

Memory: 4k page, system-wide physical 7926M (450M free)
TotalPageFile size 32502M (AvailPageFile size 40M)
current process WorkingSet (physical memory assigned to process): 11M, peak: 11M
current process commit charge ("private bytes"): 52M, peak: 175M

vm_info: Java HotSpot(TM) 64-Bit Server VM (17.0.7+8-LTS-224) for windows-amd64 JRE (17.0.7+8-LTS-224), built on Feb 28 2023 23:03:02 by "mach5one" with MS VC++ 17.1 (VS2022)

END.
